<?xml version='1.0' encoding='UTF-8'?>
<project>
  <actions/>
  <description></description>
  <keepDependencies>false</keepDependencies>
  <properties>
    <hudson.model.ParametersDefinitionProperty>
      <parameterDefinitions>
        <hudson.model.StringParameterDefinition>
          <name>TEST_TAG</name>
          <description></description>
          <defaultValue>${TEST_TAG}</defaultValue>
        </hudson.model.StringParameterDefinition>
      </parameterDefinitions>
    </hudson.model.ParametersDefinitionProperty>
  </properties>
  <scm class="hudson.scm.NullSCM"/>
  <canRoam>true</canRoam>
  <disabled>false</disabled>
  <blockBuildWhenDownstreamBuilding>false</blockBuildWhenDownstreamBuilding>
  <blockBuildWhenUpstreamBuilding>false</blockBuildWhenUpstreamBuilding>
  <triggers/>
  <concurrentBuild>false</concurrentBuild>
  <builders>
    <com.elasticbox.jenkins.builders.DeployBox plugin="elasticbox@0.9.8-SNAPSHOT">
      <id>com.elasticbox.jenkins.builders.DeployBox-c50079e4-6e13-405d-bce1-f26ec76a0044</id>
      <cloud>elasticbox</cloud>
      <workspace>staging</workspace>
      <box>com.elasticbox.jenkins.tests.boxes.test-nested-box</box>
      <boxVersion>LATEST</boxVersion>
      <profile>com.elasticbox.jenkins.tests.boxes.test-nested-box.test-profile</profile>
      <instances>1</instances>
      <variables>
        [
          {"name": "REQUIRED_BINDING", "value": "com.elasticbox.jenkins.tests.instances.test-binding-box", "scope": "", "type": "Binding"}
        ]
      </variables>
      <expiration class="com.elasticbox.jenkins.builders.InstanceExpiration$AlwaysOn"/>
      <instanceEnvVariable></instanceEnvVariable>
      <tags>${TEST_TAG}</tags>
      <skipIfExisting>false</skipIfExisting>
      <alternateAction>none</alternateAction>
      <waitForCompletion>true</waitForCompletion>
      <waitForCompletionTimeout>60</waitForCompletionTimeout>
    </com.elasticbox.jenkins.builders.DeployBox>
    <com.elasticbox.jenkins.builders.ManageInstance plugin="elasticbox@0.9.8-SNAPSHOT">
      <cloud>elasticbox</cloud>
      <workspace>staging</workspace>
      <operations>
        <com.elasticbox.jenkins.builders.UpdateOperation>
          <tags>${TEST_TAG}</tags>
          <failIfNoneFound>true</failIfNoneFound>
          <box>com.elasticbox.jenkins.tests.boxes.test-linux-box</box>
          <boxVersion>LATEST</boxVersion>
          <variables>
            [{"name": "VAR_WHOLE", "value": "${BUILD_NUMBER}", "scope": "", "type": "Text"}]
          </variables>
        </com.elasticbox.jenkins.builders.UpdateOperation>
        <com.elasticbox.jenkins.builders.ReinstallOperation>
          <tags>${TEST_TAG}</tags>
          <failIfNoneFound>true</failIfNoneFound>
          <waitForCompletion>false</waitForCompletion>
          <waitForCompletionTimeout>60</waitForCompletionTimeout>
        </com.elasticbox.jenkins.builders.ReinstallOperation>
      </operations>
    </com.elasticbox.jenkins.builders.ManageInstance>
  </builders>
  <publishers/>
  <buildWrappers/>
</project>
